<?xml version="1.0" encoding="UTF-8"?>
<testsuite xmlns:xsi="http://www.w3.org/2001/XMLSchema-instance" xsi:noNamespaceSchemaLocation="https://maven.apache.org/surefire/maven-surefire-plugin/xsd/surefire-test-report-3.0.xsd" version="3.0" name="fish.payara.extras.diagnostics.collection.collectors.LogCollectorTest" time="0.0" tests="1" errors="0" skipped="0" failures="0">
  <properties>
    <property name="sun.desktop" value="windows"/>
    <property name="awt.toolkit" value="sun.awt.windows.WToolkit"/>
    <property name="file.encoding.pkg" value="sun.io"/>
    <property name="java.specification.version" value="1.8"/>
    <property name="sun.cpu.isalist" value="amd64"/>
    <property name="sun.jnu.encoding" value="Cp1252"/>
    <property name="java.class.path" value="C:\workspace\Diagnostics-Tool\diagnostics-tool-cli\target\test-classes;C:\workspace\Diagnostics-Tool\diagnostics-tool-cli\target\classes;C:\Users\KalinChan\.m2\repository\junit\junit\4.13.2\junit-4.13.2.jar;C:\Users\KalinChan\.m2\repository\org\hamcrest\hamcrest-core\1.3\hamcrest-core-1.3.jar;C:\Users\KalinChan\.m2\repository\fish\payara\server\internal\admin\server-mgmt\5.36.0\server-mgmt-5.36.0.jar;C:\Users\KalinChan\.m2\repository\fish\payara\server\internal\common\common-util\5.36.0\common-util-5.36.0.jar;C:\Users\KalinChan\.m2\repository\org\glassfish\hk2\hk2-core\2.6.1.payara-p6\hk2-core-2.6.1.payara-p6.jar;C:\Users\KalinChan\.m2\repository\org\glassfish\hk2\hk2-locator\2.6.1.payara-p6\hk2-locator-2.6.1.payara-p6.jar;C:\Users\KalinChan\.m2\repository\org\glassfish\hk2\external\jakarta.inject\2.6.1.payara-p6\jakarta.inject-2.6.1.payara-p6.jar;C:\Users\KalinChan\.m2\repository\org\glassfish\hk2\external\aopalliance-repackaged\2.6.1.payara-p6\aopalliance-repackaged-2.6.1.payara-p6.jar;C:\Users\KalinChan\.m2\repository\jakarta\annotation\jakarta.annotation-api\1.3.4\jakarta.annotation-api-1.3.4.jar;C:\Users\KalinChan\.m2\repository\org\javassist\javassist\3.22.0-CR2\javassist-3.22.0-CR2.jar;C:\Users\KalinChan\.m2\repository\org\glassfish\hk2\hk2-utils\2.6.1.payara-p6\hk2-utils-2.6.1.payara-p6.jar;C:\Users\KalinChan\.m2\repository\fish\payara\server\internal\common\glassfish-api\5.36.0\glassfish-api-5.36.0.jar;C:\Users\KalinChan\.m2\repository\fish\payara\server\internal\common\scattered-archive-api\5.36.0\scattered-archive-api-5.36.0.jar;C:\Users\KalinChan\.m2\repository\org\glassfish\hk2\hk2-runlevel\2.6.1.payara-p6\hk2-runlevel-2.6.1.payara-p6.jar;C:\Users\KalinChan\.m2\repository\fish\payara\server\internal\grizzly\nucleus-grizzly-all\5.36.0\nucleus-grizzly-all-5.36.0.jar;C:\Users\KalinChan\.m2\repository\org\glassfish\grizzly\grizzly-framework\2.4.4.payara-p7\grizzly-framework-2.4.4.payara-p7.jar;C:\Users\KalinChan\.m2\repository\org\glassfish\grizzly\grizzly-portunif\2.4.4.payara-p7\grizzly-portunif-2.4.4.payara-p7.jar;C:\Users\KalinChan\.m2\repository\org\glassfish\grizzly\grizzly-http\2.4.4.payara-p7\grizzly-http-2.4.4.payara-p7.jar;C:\Users\KalinChan\.m2\repository\org\glassfish\grizzly\grizzly-http2\2.4.4.payara-p7\grizzly-http2-2.4.4.payara-p7.jar;C:\Users\KalinChan\.m2\repository\org\glassfish\grizzly\grizzly-http-server\2.4.4.payara-p7\grizzly-http-server-2.4.4.payara-p7.jar;C:\Users\KalinChan\.m2\repository\org\glassfish\grizzly\tls-sni\2.4.4.payara-p7\tls-sni-2.4.4.payara-p7.jar;C:\Users\KalinChan\.m2\repository\fish\payara\server\internal\grizzly\grizzly-config\5.36.0\grizzly-config-5.36.0.jar;C:\Users\KalinChan\.m2\repository\org\glassfish\external\management-api\3.2.1-b002.payara-p1\management-api-3.2.1-b002.payara-p1.jar;C:\Users\KalinChan\.m2\repository\org\glassfish\corba\glassfish-corba-omgapi\4.1.1.payara-p4\glassfish-corba-omgapi-4.1.1.payara-p4.jar;C:\Users\KalinChan\.m2\repository\fish\payara\server\internal\admin\admin-util\5.36.0\admin-util-5.36.0.jar;C:\Users\KalinChan\.m2\repository\org\glassfish\hk2\hk2\2.6.1.payara-p6\hk2-2.6.1.payara-p6.jar;C:\Users\KalinChan\.m2\repository\org\glassfish\hk2\hk2-api\2.6.1.payara-p6\hk2-api-2.6.1.payara-p6.jar;C:\Users\KalinChan\.m2\repository\org\glassfish\hk2\class-model\2.6.1.payara-p6\class-model-2.6.1.payara-p6.jar;C:\Users\KalinChan\.m2\repository\org\ow2\asm\asm\7.1\asm-7.1.jar;C:\Users\KalinChan\.m2\repository\org\ow2\asm\asm-analysis\7.1\asm-analysis-7.1.jar;C:\Users\KalinChan\.m2\repository\org\ow2\asm\asm-commons\7.1\asm-commons-7.1.jar;C:\Users\KalinChan\.m2\repository\org\ow2\asm\asm-tree\7.1\asm-tree-7.1.jar;C:\Users\KalinChan\.m2\repository\org\ow2\asm\asm-util\7.1\asm-util-7.1.jar;C:\Users\KalinChan\.m2\repository\fish\payara\server\internal\admin\config-api\5.36.0\config-api-5.36.0.jar;C:\Users\KalinChan\.m2\repository\org\eclipse\microprofile\config\microprofile-config-api\2.0\microprofile-config-api-2.0.jar;C:\Users\KalinChan\.m2\repository\fish\payara\server\internal\common\internal-api\5.36.0\internal-api-5.36.0.jar;C:\Users\KalinChan\.m2\repository\fish\payara\server\internal\hk2\hk2-config\5.36.0\hk2-config-5.36.0.jar;C:\Users\KalinChan\.m2\repository\org\jvnet\tiger-types\1.4.payara-p1\tiger-types-1.4.payara-p1.jar;C:\Users\KalinChan\.m2\repository\org\hibernate\validator\hibernate-validator\6.1.5.Final\hibernate-validator-6.1.5.Final.jar;C:\Users\KalinChan\.m2\repository\org\jboss\logging\jboss-logging\3.3.2.Final\jboss-logging-3.3.2.Final.jar;C:\Users\KalinChan\.m2\repository\com\fasterxml\classmate\1.3.4\classmate-1.3.4.jar;C:\Users\KalinChan\.m2\repository\jakarta\validation\jakarta.validation-api\2.0.2\jakarta.validation-api-2.0.2.jar;C:\Users\KalinChan\.m2\repository\fish\payara\server\internal\hk2\config-types\5.36.0\config-types-5.36.0.jar;C:\Users\KalinChan\.m2\repository\fish\payara\api\payara-api\5.36.0\payara-api-5.36.0.jar;C:\Users\KalinChan\.m2\repository\fish\payara\security\connectors\security-connectors-api\2.2.0\security-connectors-api-2.2.0.jar;C:\Users\KalinChan\.m2\repository\fish\payara\server\internal\security\security-services\5.36.0\security-services-5.36.0.jar;C:\Users\KalinChan\.m2\repository\fish\payara\server\internal\security\security\5.36.0\security-5.36.0.jar;C:\Users\KalinChan\.m2\repository\fish\payara\server\internal\security\ssl-impl\5.36.0\ssl-impl-5.36.0.jar;C:\Users\KalinChan\.m2\repository\fish\payara\server\internal\deployment\deployment-common\5.36.0\deployment-common-5.36.0.jar;C:\Users\KalinChan\.m2\repository\fish\payara\server\internal\packager\ldapbp-repackaged\5.36.0\ldapbp-repackaged-5.36.0.jar;C:\Users\KalinChan\.m2\repository\org\glassfish\gmbal\gmbal\4.0.0\gmbal-4.0.0.jar;C:\Users\KalinChan\.m2\repository\org\glassfish\pfl\pfl-basic\4.0.1\pfl-basic-4.0.1.jar;C:\Users\KalinChan\.m2\repository\org\glassfish\pfl\pfl-tf\4.0.1\pfl-tf-4.0.1.jar;C:\Users\KalinChan\.m2\repository\org\glassfish\pfl\pfl-asm\4.0.1\pfl-asm-4.0.1.jar;C:\Users\KalinChan\.m2\repository\org\glassfish\pfl\pfl-dynamic\4.0.1\pfl-dynamic-4.0.1.jar;C:\Users\KalinChan\.m2\repository\org\glassfish\pfl\pfl-basic-tools\4.0.1\pfl-basic-tools-4.0.1.jar;C:\Users\KalinChan\.m2\repository\org\glassfish\pfl\pfl-tf-tools\4.0.1\pfl-tf-tools-4.0.1.jar;C:\Users\KalinChan\.m2\repository\com\fasterxml\jackson\module\jackson-module-jaxb-annotations\2.12.4\jackson-module-jaxb-annotations-2.12.4.jar;C:\Users\KalinChan\.m2\repository\jakarta\json\jakarta.json-api\1.1.6\jakarta.json-api-1.1.6.jar;C:\Users\KalinChan\.m2\repository\fish\payara\server\internal\admin\admin-cli\5.36.0\admin-cli-5.36.0.jar;C:\Users\KalinChan\.m2\repository\org\jvnet\mimepull\mimepull\1.9.12\mimepull-1.9.12.jar;C:\Users\KalinChan\.m2\repository\org\glassfish\jakarta.json\1.1.6\jakarta.json-1.1.6.jar;C:\Users\KalinChan\.m2\repository\fish\payara\server\internal\admin\launcher\5.36.0\launcher-5.36.0.jar;C:\Users\KalinChan\.m2\repository\fish\payara\server\internal\core\logging\5.36.0\logging-5.36.0.jar;C:\Users\KalinChan\.m2\repository\fish\payara\server\internal\common\simple-glassfish-api\5.36.0\simple-glassfish-api-5.36.0.jar;C:\Users\KalinChan\.m2\repository\org\jline\jline\3.13.3\jline-3.13.3.jar;C:\Users\KalinChan\.m2\repository\jakarta\xml\bind\jakarta.xml.bind-api\2.3.2\jakarta.xml.bind-api-2.3.2.jar;C:\Users\KalinChan\.m2\repository\jakarta\activation\jakarta.activation-api\1.2.1\jakarta.activation-api-1.2.1.jar;C:\Users\KalinChan\.m2\repository\com\sun\xml\bind\jaxb-osgi\2.3.2\jaxb-osgi-2.3.2.jar;C:\Users\KalinChan\.m2\repository\org\glassfish\annotations\logging-annotation-processor\1.9\logging-annotation-processor-1.9.jar;C:\Program Files\OpenJDK\jdk8u345-b01\jre\..\lib\tools.jar;C:\Users\KalinChan\.m2\repository\com\fasterxml\jackson\core\jackson-databind\2.14.1\jackson-databind-2.14.1.jar;C:\Users\KalinChan\.m2\repository\com\fasterxml\jackson\core\jackson-annotations\2.14.1\jackson-annotations-2.14.1.jar;C:\Users\KalinChan\.m2\repository\com\fasterxml\jackson\core\jackson-core\2.14.1\jackson-core-2.14.1.jar;C:\Users\KalinChan\.m2\repository\com\squareup\okhttp3\okhttp\4.12.0\okhttp-4.12.0.jar;C:\Users\KalinChan\.m2\repository\com\squareup\okio\okio\3.6.0\okio-3.6.0.jar;C:\Users\KalinChan\.m2\repository\com\squareup\okio\okio-jvm\3.6.0\okio-jvm-3.6.0.jar;C:\Users\KalinChan\.m2\repository\org\jetbrains\kotlin\kotlin-stdlib-common\1.9.10\kotlin-stdlib-common-1.9.10.jar;C:\Users\KalinChan\.m2\repository\org\jetbrains\kotlin\kotlin-stdlib-jdk8\1.8.21\kotlin-stdlib-jdk8-1.8.21.jar;C:\Users\KalinChan\.m2\repository\org\jetbrains\kotlin\kotlin-stdlib\1.8.21\kotlin-stdlib-1.8.21.jar;C:\Users\KalinChan\.m2\repository\org\jetbrains\annotations\13.0\annotations-13.0.jar;C:\Users\KalinChan\.m2\repository\org\jetbrains\kotlin\kotlin-stdlib-jdk7\1.8.21\kotlin-stdlib-jdk7-1.8.21.jar;"/>
    <property name="java.vm.vendor" value="Temurin"/>
    <property name="sun.arch.data.model" value="64"/>
    <property name="user.variant" value=""/>
    <property name="java.vendor.url" value="https://adoptium.net/"/>
    <property name="user.timezone" value="Europe/London"/>
    <property name="java.vm.specification.version" value="1.8"/>
    <property name="os.name" value="Windows 10"/>
    <property name="user.country" value="GB"/>
    <property name="sun.java.launcher" value="SUN_STANDARD"/>
    <property name="sun.boot.library.path" value="C:\Program Files\OpenJDK\jdk8u345-b01\jre\bin"/>
    <property name="sun.java.command" value="C:\Users\KalinChan\AppData\Local\Temp\surefire7441999629344331917\surefirebooter-20240320130133049_3.jar C:\Users\KalinChan\AppData\Local\Temp\surefire7441999629344331917 2024-03-20T13-01-30_508-jvmRun1 surefire-20240320130133049_1tmp surefire_0-20240320130133049_2tmp"/>
    <property name="surefire.test.class.path" value="C:\workspace\Diagnostics-Tool\diagnostics-tool-cli\target\test-classes;C:\workspace\Diagnostics-Tool\diagnostics-tool-cli\target\classes;C:\Users\KalinChan\.m2\repository\junit\junit\4.13.2\junit-4.13.2.jar;C:\Users\KalinChan\.m2\repository\org\hamcrest\hamcrest-core\1.3\hamcrest-core-1.3.jar;C:\Users\KalinChan\.m2\repository\fish\payara\server\internal\admin\server-mgmt\5.36.0\server-mgmt-5.36.0.jar;C:\Users\KalinChan\.m2\repository\fish\payara\server\internal\common\common-util\5.36.0\common-util-5.36.0.jar;C:\Users\KalinChan\.m2\repository\org\glassfish\hk2\hk2-core\2.6.1.payara-p6\hk2-core-2.6.1.payara-p6.jar;C:\Users\KalinChan\.m2\repository\org\glassfish\hk2\hk2-locator\2.6.1.payara-p6\hk2-locator-2.6.1.payara-p6.jar;C:\Users\KalinChan\.m2\repository\org\glassfish\hk2\external\jakarta.inject\2.6.1.payara-p6\jakarta.inject-2.6.1.payara-p6.jar;C:\Users\KalinChan\.m2\repository\org\glassfish\hk2\external\aopalliance-repackaged\2.6.1.payara-p6\aopalliance-repackaged-2.6.1.payara-p6.jar;C:\Users\KalinChan\.m2\repository\jakarta\annotation\jakarta.annotation-api\1.3.4\jakarta.annotation-api-1.3.4.jar;C:\Users\KalinChan\.m2\repository\org\javassist\javassist\3.22.0-CR2\javassist-3.22.0-CR2.jar;C:\Users\KalinChan\.m2\repository\org\glassfish\hk2\hk2-utils\2.6.1.payara-p6\hk2-utils-2.6.1.payara-p6.jar;C:\Users\KalinChan\.m2\repository\fish\payara\server\internal\common\glassfish-api\5.36.0\glassfish-api-5.36.0.jar;C:\Users\KalinChan\.m2\repository\fish\payara\server\internal\common\scattered-archive-api\5.36.0\scattered-archive-api-5.36.0.jar;C:\Users\KalinChan\.m2\repository\org\glassfish\hk2\hk2-runlevel\2.6.1.payara-p6\hk2-runlevel-2.6.1.payara-p6.jar;C:\Users\KalinChan\.m2\repository\fish\payara\server\internal\grizzly\nucleus-grizzly-all\5.36.0\nucleus-grizzly-all-5.36.0.jar;C:\Users\KalinChan\.m2\repository\org\glassfish\grizzly\grizzly-framework\2.4.4.payara-p7\grizzly-framework-2.4.4.payara-p7.jar;C:\Users\KalinChan\.m2\repository\org\glassfish\grizzly\grizzly-portunif\2.4.4.payara-p7\grizzly-portunif-2.4.4.payara-p7.jar;C:\Users\KalinChan\.m2\repository\org\glassfish\grizzly\grizzly-http\2.4.4.payara-p7\grizzly-http-2.4.4.payara-p7.jar;C:\Users\KalinChan\.m2\repository\org\glassfish\grizzly\grizzly-http2\2.4.4.payara-p7\grizzly-http2-2.4.4.payara-p7.jar;C:\Users\KalinChan\.m2\repository\org\glassfish\grizzly\grizzly-http-server\2.4.4.payara-p7\grizzly-http-server-2.4.4.payara-p7.jar;C:\Users\KalinChan\.m2\repository\org\glassfish\grizzly\tls-sni\2.4.4.payara-p7\tls-sni-2.4.4.payara-p7.jar;C:\Users\KalinChan\.m2\repository\fish\payara\server\internal\grizzly\grizzly-config\5.36.0\grizzly-config-5.36.0.jar;C:\Users\KalinChan\.m2\repository\org\glassfish\external\management-api\3.2.1-b002.payara-p1\management-api-3.2.1-b002.payara-p1.jar;C:\Users\KalinChan\.m2\repository\org\glassfish\corba\glassfish-corba-omgapi\4.1.1.payara-p4\glassfish-corba-omgapi-4.1.1.payara-p4.jar;C:\Users\KalinChan\.m2\repository\fish\payara\server\internal\admin\admin-util\5.36.0\admin-util-5.36.0.jar;C:\Users\KalinChan\.m2\repository\org\glassfish\hk2\hk2\2.6.1.payara-p6\hk2-2.6.1.payara-p6.jar;C:\Users\KalinChan\.m2\repository\org\glassfish\hk2\hk2-api\2.6.1.payara-p6\hk2-api-2.6.1.payara-p6.jar;C:\Users\KalinChan\.m2\repository\org\glassfish\hk2\class-model\2.6.1.payara-p6\class-model-2.6.1.payara-p6.jar;C:\Users\KalinChan\.m2\repository\org\ow2\asm\asm\7.1\asm-7.1.jar;C:\Users\KalinChan\.m2\repository\org\ow2\asm\asm-analysis\7.1\asm-analysis-7.1.jar;C:\Users\KalinChan\.m2\repository\org\ow2\asm\asm-commons\7.1\asm-commons-7.1.jar;C:\Users\KalinChan\.m2\repository\org\ow2\asm\asm-tree\7.1\asm-tree-7.1.jar;C:\Users\KalinChan\.m2\repository\org\ow2\asm\asm-util\7.1\asm-util-7.1.jar;C:\Users\KalinChan\.m2\repository\fish\payara\server\internal\admin\config-api\5.36.0\config-api-5.36.0.jar;C:\Users\KalinChan\.m2\repository\org\eclipse\microprofile\config\microprofile-config-api\2.0\microprofile-config-api-2.0.jar;C:\Users\KalinChan\.m2\repository\fish\payara\server\internal\common\internal-api\5.36.0\internal-api-5.36.0.jar;C:\Users\KalinChan\.m2\repository\fish\payara\server\internal\hk2\hk2-config\5.36.0\hk2-config-5.36.0.jar;C:\Users\KalinChan\.m2\repository\org\jvnet\tiger-types\1.4.payara-p1\tiger-types-1.4.payara-p1.jar;C:\Users\KalinChan\.m2\repository\org\hibernate\validator\hibernate-validator\6.1.5.Final\hibernate-validator-6.1.5.Final.jar;C:\Users\KalinChan\.m2\repository\org\jboss\logging\jboss-logging\3.3.2.Final\jboss-logging-3.3.2.Final.jar;C:\Users\KalinChan\.m2\repository\com\fasterxml\classmate\1.3.4\classmate-1.3.4.jar;C:\Users\KalinChan\.m2\repository\jakarta\validation\jakarta.validation-api\2.0.2\jakarta.validation-api-2.0.2.jar;C:\Users\KalinChan\.m2\repository\fish\payara\server\internal\hk2\config-types\5.36.0\config-types-5.36.0.jar;C:\Users\KalinChan\.m2\repository\fish\payara\api\payara-api\5.36.0\payara-api-5.36.0.jar;C:\Users\KalinChan\.m2\repository\fish\payara\security\connectors\security-connectors-api\2.2.0\security-connectors-api-2.2.0.jar;C:\Users\KalinChan\.m2\repository\fish\payara\server\internal\security\security-services\5.36.0\security-services-5.36.0.jar;C:\Users\KalinChan\.m2\repository\fish\payara\server\internal\security\security\5.36.0\security-5.36.0.jar;C:\Users\KalinChan\.m2\repository\fish\payara\server\internal\security\ssl-impl\5.36.0\ssl-impl-5.36.0.jar;C:\Users\KalinChan\.m2\repository\fish\payara\server\internal\deployment\deployment-common\5.36.0\deployment-common-5.36.0.jar;C:\Users\KalinChan\.m2\repository\fish\payara\server\internal\packager\ldapbp-repackaged\5.36.0\ldapbp-repackaged-5.36.0.jar;C:\Users\KalinChan\.m2\repository\org\glassfish\gmbal\gmbal\4.0.0\gmbal-4.0.0.jar;C:\Users\KalinChan\.m2\repository\org\glassfish\pfl\pfl-basic\4.0.1\pfl-basic-4.0.1.jar;C:\Users\KalinChan\.m2\repository\org\glassfish\pfl\pfl-tf\4.0.1\pfl-tf-4.0.1.jar;C:\Users\KalinChan\.m2\repository\org\glassfish\pfl\pfl-asm\4.0.1\pfl-asm-4.0.1.jar;C:\Users\KalinChan\.m2\repository\org\glassfish\pfl\pfl-dynamic\4.0.1\pfl-dynamic-4.0.1.jar;C:\Users\KalinChan\.m2\repository\org\glassfish\pfl\pfl-basic-tools\4.0.1\pfl-basic-tools-4.0.1.jar;C:\Users\KalinChan\.m2\repository\org\glassfish\pfl\pfl-tf-tools\4.0.1\pfl-tf-tools-4.0.1.jar;C:\Users\KalinChan\.m2\repository\com\fasterxml\jackson\module\jackson-module-jaxb-annotations\2.12.4\jackson-module-jaxb-annotations-2.12.4.jar;C:\Users\KalinChan\.m2\repository\jakarta\json\jakarta.json-api\1.1.6\jakarta.json-api-1.1.6.jar;C:\Users\KalinChan\.m2\repository\fish\payara\server\internal\admin\admin-cli\5.36.0\admin-cli-5.36.0.jar;C:\Users\KalinChan\.m2\repository\org\jvnet\mimepull\mimepull\1.9.12\mimepull-1.9.12.jar;C:\Users\KalinChan\.m2\repository\org\glassfish\jakarta.json\1.1.6\jakarta.json-1.1.6.jar;C:\Users\KalinChan\.m2\repository\fish\payara\server\internal\admin\launcher\5.36.0\launcher-5.36.0.jar;C:\Users\KalinChan\.m2\repository\fish\payara\server\internal\core\logging\5.36.0\logging-5.36.0.jar;C:\Users\KalinChan\.m2\repository\fish\payara\server\internal\common\simple-glassfish-api\5.36.0\simple-glassfish-api-5.36.0.jar;C:\Users\KalinChan\.m2\repository\org\jline\jline\3.13.3\jline-3.13.3.jar;C:\Users\KalinChan\.m2\repository\jakarta\xml\bind\jakarta.xml.bind-api\2.3.2\jakarta.xml.bind-api-2.3.2.jar;C:\Users\KalinChan\.m2\repository\jakarta\activation\jakarta.activation-api\1.2.1\jakarta.activation-api-1.2.1.jar;C:\Users\KalinChan\.m2\repository\com\sun\xml\bind\jaxb-osgi\2.3.2\jaxb-osgi-2.3.2.jar;C:\Users\KalinChan\.m2\repository\org\glassfish\annotations\logging-annotation-processor\1.9\logging-annotation-processor-1.9.jar;C:\Program Files\OpenJDK\jdk8u345-b01\jre\..\lib\tools.jar;C:\Users\KalinChan\.m2\repository\com\fasterxml\jackson\core\jackson-databind\2.14.1\jackson-databind-2.14.1.jar;C:\Users\KalinChan\.m2\repository\com\fasterxml\jackson\core\jackson-annotations\2.14.1\jackson-annotations-2.14.1.jar;C:\Users\KalinChan\.m2\repository\com\fasterxml\jackson\core\jackson-core\2.14.1\jackson-core-2.14.1.jar;C:\Users\KalinChan\.m2\repository\com\squareup\okhttp3\okhttp\4.12.0\okhttp-4.12.0.jar;C:\Users\KalinChan\.m2\repository\com\squareup\okio\okio\3.6.0\okio-3.6.0.jar;C:\Users\KalinChan\.m2\repository\com\squareup\okio\okio-jvm\3.6.0\okio-jvm-3.6.0.jar;C:\Users\KalinChan\.m2\repository\org\jetbrains\kotlin\kotlin-stdlib-common\1.9.10\kotlin-stdlib-common-1.9.10.jar;C:\Users\KalinChan\.m2\repository\org\jetbrains\kotlin\kotlin-stdlib-jdk8\1.8.21\kotlin-stdlib-jdk8-1.8.21.jar;C:\Users\KalinChan\.m2\repository\org\jetbrains\kotlin\kotlin-stdlib\1.8.21\kotlin-stdlib-1.8.21.jar;C:\Users\KalinChan\.m2\repository\org\jetbrains\annotations\13.0\annotations-13.0.jar;C:\Users\KalinChan\.m2\repository\org\jetbrains\kotlin\kotlin-stdlib-jdk7\1.8.21\kotlin-stdlib-jdk7-1.8.21.jar;"/>
    <property name="sun.cpu.endian" value="little"/>
    <property name="user.home" value="C:\Users\KalinChan"/>
    <property name="user.language" value="en"/>
    <property name="java.specification.vendor" value="Oracle Corporation"/>
    <property name="java.home" value="C:\Program Files\OpenJDK\jdk8u345-b01\jre"/>
    <property name="basedir" value="C:\workspace\Diagnostics-Tool\diagnostics-tool-cli"/>
    <property name="file.separator" value="\"/>
    <property name="line.separator" value="&#10;"/>
    <property name="java.vm.specification.vendor" value="Oracle Corporation"/>
    <property name="java.specification.name" value="Java Platform API Specification"/>
    <property name="java.awt.graphicsenv" value="sun.awt.Win32GraphicsEnvironment"/>
    <property name="surefire.real.class.path" value="C:\Users\KalinChan\AppData\Local\Temp\surefire7441999629344331917\surefirebooter-20240320130133049_3.jar"/>
    <property name="sun.boot.class.path" value="C:\Program Files\OpenJDK\jdk8u345-b01\jre\lib\resources.jar;C:\Program Files\OpenJDK\jdk8u345-b01\jre\lib\rt.jar;C:\Program Files\OpenJDK\jdk8u345-b01\jre\lib\sunrsasign.jar;C:\Program Files\OpenJDK\jdk8u345-b01\jre\lib\jsse.jar;C:\Program Files\OpenJDK\jdk8u345-b01\jre\lib\jce.jar;C:\Program Files\OpenJDK\jdk8u345-b01\jre\lib\charsets.jar;C:\Program Files\OpenJDK\jdk8u345-b01\jre\lib\jfr.jar;C:\Program Files\OpenJDK\jdk8u345-b01\jre\classes"/>
    <property name="user.script" value=""/>
    <property name="sun.management.compiler" value="HotSpot 64-Bit Tiered Compilers"/>
    <property name="java.runtime.version" value="1.8.0_345-b01"/>
    <property name="user.name" value="KalinChan"/>
    <property name="path.separator" value=";"/>
    <property name="os.version" value="10.0"/>
    <property name="java.endorsed.dirs" value="C:\Program Files\OpenJDK\jdk8u345-b01\jre\lib\endorsed"/>
    <property name="java.runtime.name" value="OpenJDK Runtime Environment"/>
    <property name="file.encoding" value="Cp1252"/>
    <property name="java.vm.name" value="OpenJDK 64-Bit Server VM"/>
    <property name="localRepository" value="C:\Users\KalinChan\.m2\repository"/>
    <property name="java.vendor.url.bug" value="https://github.com/adoptium/adoptium-support/issues"/>
    <property name="java.io.tmpdir" value="C:\Users\KALINC~1\AppData\Local\Temp\"/>
    <property name="java.version" value="1.8.0_345"/>
    <property name="user.dir" value="C:\workspace\Diagnostics-Tool\diagnostics-tool-cli"/>
    <property name="os.arch" value="amd64"/>
    <property name="java.vm.specification.name" value="Java Virtual Machine Specification"/>
    <property name="java.awt.printerjob" value="sun.awt.windows.WPrinterJob"/>
    <property name="sun.os.patch.level" value=""/>
    <property name="java.library.path" value="C:\Program Files\OpenJDK\jdk8u345-b01\jre\bin;C:\Windows\Sun\Java\bin;C:\Windows\system32;C:\Windows;C:\Program Files\WindowsApps\Microsoft.PowerShell_7.4.1.0_x64__8wekyb3d8bbwe;C:\Program Files\OpenJDK\jdk8u345-b01\bin;C:\Windows\system32;C:\Windows;C:\Windows\System32\Wbem;C:\Windows\System32\WindowsPowerShell\v1.0\;C:\Windows\System32\OpenSSH\;C:\Program Files\dotnet\;C:\Program Files (x86)\dotnet\;C:\Program Files\Git\cmd;C:\Program Files\usbipd-win\;C:\Program Files\Azure Data Studio\bin;C:\Program Files\Docker\Docker\resources\bin;C:\Program Files (x86)\NVIDIA Corporation\PhysX\Common;C:\Program Files\starship\bin\;C:\Program Files\PuTTY\;C:\Users\KalinChan\AppData\Local\Programs\Python\Launcher\;C:\Users\KalinChan\AppData\Local\Microsoft\WindowsApps;C:\Users\KalinChan\AppData\Local\Programs\Git\cmd;C:\Users\KalinChan\AppData\Local\Programs\Microsoft VS Code\bin;C:\Program Files\JetBrains\IntelliJ IDEA 2023.2.3\bin;;C:\Users\KalinChan\apache-maven-3.8.6\bin;C:\Program Files (x86)\Nmap;C:\Program Files\Azure Data Studio\bin;C:\Users\KalinChan\AppData\Local\Programs\oh-my-posh\bin;."/>
    <property name="java.vm.info" value="mixed mode"/>
    <property name="java.vendor" value="Temurin"/>
    <property name="java.vm.version" value="25.345-b01"/>
    <property name="java.ext.dirs" value="C:\Program Files\OpenJDK\jdk8u345-b01\jre\lib\ext;C:\Windows\Sun\Java\lib\ext"/>
    <property name="sun.io.unicode.encoding" value="UnicodeLittle"/>
    <property name="java.class.version" value="52.0"/>
  </properties>
  <testcase name="getLogPathTest" classname="fish.payara.extras.diagnostics.collection.collectors.LogCollectorTest" time="0.0"/>
</testsuite>